INFO Selected: Output dir: ResultEPAng/
INFO Selected: Query file: Query.fasta
INFO Selected: Tree file: TREE.txt
INFO Selected: Reference MSA: REFMSA.fasta
INFO Selected: Automatic switching of use of per rate scalers
INFO Selected: Preserving the root of the input tree
INFO Selected: Disabling the prescoring heuristics.
INFO Selected: Specified model file: infofile
INFO Selected: Using threads: 2
INFO     ______ ____   ___           _   __ ______
        / ____// __ \ /   |         / | / // ____/
       / __/  / /_/ // /| | ______ /  |/ // / __  
      / /___ / ____// ___ |/_____// /|  // /_/ /  
     /_____//_/    /_/  |_|      /_/ |_/ \____/ (v0.3.8)
INFO Using model parameters:
INFO    Rate heterogeneity: GAMMA (4 cats, mean),  alpha: 0.49045 (user),  weights&rates: (0.25,0.0316316) (0.25,0.245636) (0.25,0.813193) (0.25,2.90954) 
        Base frequencies (user): 0.273403 0.0645906 0.153402 0.508605 
        Substitution rates (user): 0.2434 3.9875 1 0.2434 1.7699 1
INFO Output file: ResultEPAng/epa_result.jplace
INFO 331 Sequences done!
INFO Time spent placing: 8s
INFO Elapsed Time: 8s
